
11월 11, 2019 10:38:09.99 NEW SESSION
11월 11, 2019 10:38:09.99 
11월 11, 2019 10:38:09.99 KLIB_SelfTest return : KLR_OK
11월 11, 2019 12:22:46.46 [12512:5904:1111/122246.460:ERROR:socket_stream.cc(218)] Closing stream with result -2
11월 11, 2019 12:49:53.54 [12512:12444:1111/124953.542:ERROR:get_updates_processor.cc(246)] PostClientToServerMessage() failed during GetUpdates
11월 11, 2019 12:51:38.48 
11월 11, 2019 12:51:38.48 KLIB_SelfTest return : KLR_OK

11월 14, 2019 09:48:53.44 NEW SESSION
11월 14, 2019 09:48:53.44 
11월 14, 2019 09:48:53.44 KLIB_SelfTest return : KLR_OK
11월 14, 2019 10:11:46.03 
11월 14, 2019 10:11:46.03 KLIB_SelfTest return : KLR_OK
11월 14, 2019 10:12:22.82 
11월 14, 2019 10:12:22.82 KLIB_SelfTest return : KLR_OK
11월 14, 2019 10:23:47.84 
11월 14, 2019 10:23:47.84 KLIB_SelfTest return : KLR_OK
11월 14, 2019 10:24:19.56 
11월 14, 2019 10:24:19.56 KLIB_SelfTest return : KLR_OK
11월 14, 2019 10:25:44.63 
11월 14, 2019 10:25:44.63 KLIB_SelfTest return : KLR_OK
11월 14, 2019 11:10:18.15 
11월 14, 2019 11:10:18.15 KLIB_SelfTest return : KLR_OK
11월 14, 2019 12:45:53.70 
11월 14, 2019 12:45:53.70 KLIB_SelfTest return : KLR_OK

11월 21, 2019 11:28:34.29 NEW SESSION
11월 21, 2019 11:28:34.29 
11월 21, 2019 11:28:34.29 KLIB_SelfTest return : KLR_OK
11월 21, 2019 11:39:52.25 
11월 21, 2019 11:39:52.25 KLIB_SelfTest return : KLR_OK
11월 21, 2019 12:20:47.11 [6776:8668:1121/122047.113:ERROR:socket_stream.cc(218)] Closing stream with result -2
11월 21, 2019 12:59:17.01 
11월 21, 2019 12:59:17.01 KLIB_SelfTest return : KLR_OK

11월 26, 2019 16:33:52.10 NEW SESSION
11월 26, 2019 16:33:52.10 
11월 26, 2019 16:33:52.10 KLIB_SelfTest return : KLR_OK

11월 27, 2019 12:11:10.87 NEW SESSION
11월 27, 2019 12:11:10.87 [6364:8092:1127/121110.847:ERROR:socket_stream.cc(218)] Closing stream with result -2
11월 27, 2019 12:42:06.52 [6364:6368:1127/124206.524:ERROR:gcm_channel_status_request.cc(145)] GCM channel request failed.
11월 27, 2019 14:08:35.59 [6364:6368:1127/140835.596:ERROR:CONSOLE(0)] "Failed to set referrer policy: The value '' is not one of 'no-referrer', 'no-referrer-when-downgrade', 'origin', 'origin-when-cross-origin', 'same-origin', 'strict-origin', 'strict-origin-when-cross-origin', or 'unsafe-url'. The referrer policy has been left unchanged.", source: https://www.webdesignrankings.com/resources/lolcolors/ (0)
11월 27, 2019 14:49:47.69 [6364:6368:1127/144947.694:ERROR:CONSOLE(0)] "Failed to set referrer policy: The value '' is not one of 'no-referrer', 'no-referrer-when-downgrade', 'origin', 'origin-when-cross-origin', 'same-origin', 'strict-origin', 'strict-origin-when-cross-origin', or 'unsafe-url'. The referrer policy has been left unchanged.", source: https://www.webdesignrankings.com/resources/lolcolors/ (0)

11월 29, 2019 11:04:50.08 NEW SESSION
11월 29, 2019 11:04:50.08 
11월 29, 2019 11:04:50.08 KLIB_SelfTest return : KLR_OK
11월 29, 2019 12:22:35.38 [9580:8376:1129/122235.387:ERROR:socket_stream.cc(218)] Closing stream with result -2
11월 29, 2019 12:39:02.51 [9580:9104:1129/123902.514:ERROR:gcm_channel_status_request.cc(145)] GCM channel request failed.
11월 29, 2019 12:39:02.92 [9580:8376:1129/123902.922:ERROR:connection_factory_impl.cc(417)] Failed to connect to MCS endpoint with error -106
11월 29, 2019 13:11:42.12 
11월 29, 2019 13:11:42.12 KLIB_SelfTest return : KLR_OK
11월 29, 2019 15:53:31.46 
11월 29, 2019 15:53:31.46 KLIB_SelfTest return : KLR_OK

12월 03, 2019 09:15:23.19 NEW SESSION
12월 03, 2019 09:15:23.19 
12월 03, 2019 09:15:23.19 KLIB_SelfTest return : KLR_OK

12월 04, 2019 11:03:34.93 NEW SESSION
12월 04, 2019 11:03:34.93 
12월 04, 2019 11:03:34.93 KLIB_SelfTest return : KLR_OK
12월 04, 2019 12:20:11.65 [6684:10852:1204/122011.658:ERROR:socket_stream.cc(218)] Closing stream with result -2
12월 04, 2019 12:36:27.54 [6684:8852:1204/123627.543:ERROR:get_updates_processor.cc(246)] PostClientToServerMessage() failed during GetUpdates
12월 04, 2019 14:26:39.06 
12월 04, 2019 14:26:39.07 KLIB_SelfTest return : KLR_OK

12월 06, 2019 11:44:46.44 NEW SESSION
12월 06, 2019 11:44:46.44 
12월 06, 2019 11:44:46.45 KLIB_SelfTest return : KLR_OK
12월 06, 2019 11:46:05.72 
12월 06, 2019 11:46:05.72 KLIB_SelfTest return : KLR_OK
12월 06, 2019 12:21:06.40 [7460:1460:1206/122106.403:ERROR:socket_stream.cc(218)] Closing stream with result -2
12월 06, 2019 12:30:35.64 [7460:9868:1206/123035.646:ERROR:gcm_channel_status_request.cc(145)] GCM channel request failed.
12월 06, 2019 13:09:03.74 
12월 06, 2019 13:09:03.74 KLIB_SelfTest return : KLR_OK
12월 06, 2019 16:48:29.73 
12월 06, 2019 16:48:29.73 KLIB_SelfTest return : KLR_OK

12월 09, 2019 12:20:28.64 NEW SESSION
12월 09, 2019 12:20:28.64 [8972:8488:1209/122028.626:ERROR:socket_stream.cc(218)] Closing stream with result -2
12월 09, 2019 16:28:02.89 [8972:8488:1209/162802.890:ERROR:socket_stream.cc(218)] Closing stream with result -2
12월 09, 2019 16:44:51.09 
12월 09, 2019 16:44:51.09 KLIB_SelfTest return : KLR_OK

12월 10, 2019 12:23:23.54 NEW SESSION
12월 10, 2019 12:23:23.54 [7264:7376:1210/122323.529:ERROR:socket_stream.cc(218)] Closing stream with result -2
12월 10, 2019 16:42:17.15 
12월 10, 2019 16:42:17.16 KLIB_SelfTest return : KLR_OK

12월 12, 2019 13:14:27.91 NEW SESSION
12월 12, 2019 13:14:27.91 [12820:12500:1212/131427.887:ERROR:socket_stream.cc(218)] Closing stream with result -2

12월 23, 2019 14:14:58.20 NEW SESSION
12월 23, 2019 14:14:58.20 [8612:7224:1223/141458.198:ERROR:socket_stream.cc(218)] Closing stream with result -2

12월 31, 2019 12:23:25.63 NEW SESSION
12월 31, 2019 12:23:25.63 [9572:2228:1231/122325.505:ERROR:socket_stream.cc(218)] Closing stream with result -2
12월 31, 2019 12:23:27.06 [9572:2228:1231/122327.064:ERROR:socket_stream.cc(218)] Closing stream with result -2
12월 31, 2019 12:23:55.82 [9572:2228:1231/122355.826:ERROR:connection_factory_impl.cc(418)] Failed to connect to MCS endpoint with error -106
12월 31, 2019 12:23:56.32 [9572:2228:1231/122356.324:ERROR:connection_factory_impl.cc(418)] Failed to connect to MCS endpoint with error -106

1월 02, 2020 12:19:14.38 NEW SESSION
1월 02, 2020 12:19:14.38 [4184:11076:0102/121914.073:ERROR:socket_stream.cc(218)] Closing stream with result -2
1월 02, 2020 12:19:19.64 [4184:11076:0102/121919.643:ERROR:socket_stream.cc(218)] Closing stream with result -2
1월 02, 2020 12:21:55.51 [4184:11076:0102/122155.518:ERROR:connection_factory_impl.cc(418)] Failed to connect to MCS endpoint with error -106

1월 06, 2020 12:20:57.07 NEW SESSION
1월 06, 2020 12:20:57.07 [3800:4784:0106/122056.997:ERROR:socket_stream.cc(218)] Closing stream with result -2
1월 06, 2020 12:20:58.53 [3800:4784:0106/122058.535:ERROR:socket_stream.cc(218)] Closing stream with result -2
1월 06, 2020 12:24:26.84 [3800:4784:0106/122426.848:ERROR:connection_factory_impl.cc(418)] Failed to connect to MCS endpoint with error -106
